<?xml version="1.0" encoding="UTF-8"?>
<!-- Generated by org.testng.reporters.JUnitReportReporter -->
<testsuite hostname="DESKTOP-B0DD0C2" failures="0" tests="1" name="utility.FileRead" time="0.011" errors="0" timestamp="2024-11-30T07:31:12 IST" skipped="0">
  <testcase classname="utility.FileRead" name="propertiesRead" time="0.011"/>
</testsuite> <!-- utility.FileRead -->
