<?xml version="1.0" encoding="UTF-8"?>
<!-- Generated by org.testng.reporters.JUnitReportReporter -->
<testsuite hostname="DESKTOP-B0DD0C2" failures="0" tests="1" name="TestScript.RegisterTest" time="11.645" errors="0" timestamp="2024-11-30T20:33:06 IST" skipped="0">
  <testcase classname="TestScript.RegisterTest" name="inputBox" time="11.645"/>
</testsuite> <!-- TestScript.RegisterTest -->
