<?xml version="1.0" encoding="UTF-8"?>
<!-- Generated by org.testng.reporters.JUnitReportReporter -->
<testsuite hostname="DESKTOP-B0DD0C2" failures="0" tests="1" name="TestScript.RegisterTest" time="1.012" errors="0" timestamp="2024-11-30T07:35:56 IST" skipped="0">
  <testcase classname="TestScript.RegisterTest" name="inputBox" time="1.012"/>
</testsuite> <!-- TestScript.RegisterTest -->
