<?xml version="1.0" encoding="UTF-8"?>
<!-- Generated by org.testng.reporters.JUnitReportReporter -->
<testsuite hostname="DESKTOP-B0DD0C2" failures="0" tests="1" name="TestScript.WindowTest" time="96.234" errors="0" timestamp="2024-11-30T21:01:22 IST" skipped="0">
  <testcase classname="TestScript.WindowTest" name="handlingWinows" time="96.234"/>
</testsuite> <!-- TestScript.WindowTest -->
